Determining if the pthread_create exist failed with the following output:
Change Dir: /home/runqiu/Desktop/ORB_SLAM2/code-opensource/kenki-posi/build/CMakeFiles/CMakeTmp

Run Build Command(s):/usr/bin/make cmTC_8abba/fast 
/usr/bin/make -f CMakeFiles/cmTC_8abba.dir/build.make CMakeFiles/cmTC_8abba.dir/build
make[1]: Entering directory '/home/runqiu/Desktop/ORB_SLAM2/code-opensource/kenki-posi/build/CMakeFiles/CMakeTmp'
Building C object CMakeFiles/cmTC_8abba.dir/CheckSymbolExists.c.o
/usr/bin/cc   -fPIC    -o CMakeFiles/cmTC_8abba.dir/CheckSymbolExists.c.o   -c /home/runqiu/Desktop/ORB_SLAM2/code-opensource/kenki-posi/build/CMakeFiles/CMakeTmp/CheckSymbolExists.c
Linking C executable cmTC_8abba
/usr/local/bin/cmake -E cmake_link_script CMakeFiles/cmTC_8abba.dir/link.txt --verbose=1
/usr/bin/cc -fPIC     -rdynamic CMakeFiles/cmTC_8abba.dir/CheckSymbolExists.c.o  -o cmTC_8abba 
CMakeFiles/cmTC_8abba.dir/CheckSymbolExists.c.o: In function `main':
CheckSymbolExists.c:(.text+0x1b): undefined reference to `pthread_create'
collect2: error: ld returned 1 exit status
CMakeFiles/cmTC_8abba.dir/build.make:86: recipe for target 'cmTC_8abba' failed
make[1]: *** [cmTC_8abba] Error 1
make[1]: Leaving directory '/home/runqiu/Desktop/ORB_SLAM2/code-opensource/kenki-posi/build/CMakeFiles/CMakeTmp'
Makefile:121: recipe for target 'cmTC_8abba/fast' failed
make: *** [cmTC_8abba/fast] Error 2

File /home/runqiu/Desktop/ORB_SLAM2/code-opensource/kenki-posi/build/CMakeFiles/CMakeTmp/CheckSymbolExists.c:
/* */
#include <pthread.h>

int main(int argc, char** argv)
{
  (void)argv;
#ifndef pthread_create
  return ((int*)(&pthread_create))[argc];
#else
  (void)argc;
  return 0;
#endif
}

Determining if the function pthread_create exists in the pthreads failed with the following output:
Change Dir: /home/runqiu/Desktop/ORB_SLAM2/code-opensource/kenki-posi/build/CMakeFiles/CMakeTmp

Run Build Command(s):/usr/bin/make cmTC_96b7d/fast 
/usr/bin/make -f CMakeFiles/cmTC_96b7d.dir/build.make CMakeFiles/cmTC_96b7d.dir/build
make[1]: Entering directory '/home/runqiu/Desktop/ORB_SLAM2/code-opensource/kenki-posi/build/CMakeFiles/CMakeTmp'
Building C object CMakeFiles/cmTC_96b7d.dir/CheckFunctionExists.c.o
/usr/bin/cc   -fPIC -DCHECK_FUNCTION_EXISTS=pthread_create   -o CMakeFiles/cmTC_96b7d.dir/CheckFunctionExists.c.o   -c /usr/local/share/cmake-3.14/Modules/CheckFunctionExists.c
Linking C executable cmTC_96b7d
/usr/local/bin/cmake -E cmake_link_script CMakeFiles/cmTC_96b7d.dir/link.txt --verbose=1
/usr/bin/cc -fPIC -DCHECK_FUNCTION_EXISTS=pthread_create    -rdynamic CMakeFiles/cmTC_96b7d.dir/CheckFunctionExists.c.o  -o cmTC_96b7d -lpthreads 
/usr/bin/ld: cannot find -lpthreads
collect2: error: ld returned 1 exit status
CMakeFiles/cmTC_96b7d.dir/build.make:86: recipe for target 'cmTC_96b7d' failed
make[1]: *** [cmTC_96b7d] Error 1
make[1]: Leaving directory '/home/runqiu/Desktop/ORB_SLAM2/code-opensource/kenki-posi/build/CMakeFiles/CMakeTmp'
Makefile:121: recipe for target 'cmTC_96b7d/fast' failed
make: *** [cmTC_96b7d/fast] Error 2


